<?xml version="1.0" encoding="UTF-8"?>
<!-- Generated by org.testng.reporters.JUnitReportReporter -->
<testsuite hostname="LTIN439050" failures="0" tests="1" name="testcases.CuraLogin" time="8.768" errors="0" timestamp="2024-05-08T19:09:37 IST" skipped="0">
  <testcase classname="testcases.CuraLogin" name="TSC001" time="8.768"/>
</testsuite> <!-- testcases.CuraLogin -->
