<?xml version="1.0" encoding="UTF-8"?>
<!-- Generated by org.testng.reporters.JUnitReportReporter -->
<testsuite hostname="LTIN439050" failures="0" tests="1" name="testcases.Democart" time="28.505" errors="0" timestamp="2024-05-08T11:57:00 IST" skipped="0">
  <testcase classname="testcases.Democart" name="DemoCart001" time="28.505"/>
</testsuite> <!-- testcases.Democart -->
