<?xml version="1.0" encoding="UTF-8"?>
<!-- Generated by org.testng.reporters.JUnitReportReporter -->
<testsuite hostname="LTIN439050" failures="0" tests="1" name="testcases.TSLogin" time="28.300" errors="0" timestamp="2024-05-02T18:38:05 IST" skipped="0">
  <testcase classname="testcases.TSLogin" name="TSC001" time="28.300"/>
</testsuite> <!-- testcases.TSLogin -->
