<?xml version="1.0" encoding="UTF-8"?>
<!-- Generated by org.testng.reporters.JUnitReportReporter -->
<testsuite hostname="LTIN439050" failures="0" tests="1" name="testcases.TSLogin" time="11.795" errors="0" timestamp="2024-05-08T14:23:22 IST" skipped="0">
  <testcase classname="testcases.TSLogin" name="TSC001" time="11.795"/>
</testsuite> <!-- testcases.TSLogin -->
